<?xml version="1.0" encoding="UTF-8"?>
<robot generator="Robot 6.0.2 (Python 3.9.13 on win32)" generated="20231010 22:19:21.025" rpa="false" schemaversion="3">
<suite id="s1" name="Homepage" source="d:\Dev_Progs\irctc_projecct_robot\testcases\homepage.robot">
<kw name="Initialise the browser" library="basetest" type="SETUP">
<kw name="Launch browser" library="basetest">
<kw name="Evaluate" library="BuiltIn">
<var>${chrome_options}</var>
<arg>sys.modules['selenium.webdriver'].ChromeOptions()</arg>
<arg>sys, selenium.webdriver</arg>
<doc>Evaluates the given expression in Python and returns the result.</doc>
<msg timestamp="20231010 22:19:25.249" level="INFO">${chrome_options} = &lt;selenium.webdriver.chrome.options.Options object at 0x0000013ED8780370&gt;</msg>
<status status="PASS" starttime="20231010 22:19:25.249" endtime="20231010 22:19:25.256"/>
</kw>
<kw name="Call Method" library="BuiltIn">
<arg>${chrome_options}</arg>
<arg>add_argument</arg>
<arg>--no-sandbox</arg>
<doc>Calls the named method of the given object with the provided arguments.</doc>
<status status="PASS" starttime="20231010 22:19:25.256" endtime="20231010 22:19:25.256"/>
</kw>
<kw name="Call Method" library="BuiltIn">
<arg>${chrome_options}</arg>
<arg>add_argument</arg>
<arg>--disable-dev-shm-usage</arg>
<doc>Calls the named method of the given object with the provided arguments.</doc>
<status status="PASS" starttime="20231010 22:19:25.256" endtime="20231010 22:19:25.256"/>
</kw>
<kw name="Call Method" library="BuiltIn">
<arg>${chrome_options}</arg>
<arg>add_argument</arg>
<arg>--disable-extensions</arg>
<doc>Calls the named method of the given object with the provided arguments.</doc>
<status status="PASS" starttime="20231010 22:19:25.256" endtime="20231010 22:19:25.256"/>
</kw>
<kw name="Call Method" library="BuiltIn">
<arg>${chrome_options}</arg>
<arg>add_argument</arg>
<arg>--disable-gpu</arg>
<doc>Calls the named method of the given object with the provided arguments.</doc>
<status status="PASS" starttime="20231010 22:19:25.256" endtime="20231010 22:19:25.256"/>
</kw>
<kw name="Call Method" library="BuiltIn">
<arg>${chrome_options}</arg>
<arg>add_argument</arg>
<arg>--disable-popup-blocking</arg>
<doc>Calls the named method of the given object with the provided arguments.</doc>
<status status="PASS" starttime="20231010 22:19:25.256" endtime="20231010 22:19:25.256"/>
</kw>
<kw name="Call Method" library="BuiltIn">
<arg>${chrome_options}</arg>
<arg>add_argument</arg>
<arg>--dns-prefetch-disable</arg>
<doc>Calls the named method of the given object with the provided arguments.</doc>
<status status="PASS" starttime="20231010 22:19:25.256" endtime="20231010 22:19:25.256"/>
</kw>
<kw name="Call Method" library="BuiltIn">
<arg>${chrome_options}</arg>
<arg>add_argument</arg>
<arg>window-size\=1920,1080</arg>
<doc>Calls the named method of the given object with the provided arguments.</doc>
<status status="PASS" starttime="20231010 22:19:25.256" endtime="20231010 22:19:25.256"/>
</kw>
<kw name="Call Method" library="BuiltIn">
<arg>${chrome_options}</arg>
<arg>add_argument</arg>
<arg>--disable-blink-features\=AutomationControlled</arg>
<doc>Calls the named method of the given object with the provided arguments.</doc>
<status status="PASS" starttime="20231010 22:19:25.256" endtime="20231010 22:19:25.256"/>
</kw>
<kw name="Call Method" library="BuiltIn">
<arg>${chrome_options}</arg>
<arg>add_argument</arg>
<arg>--disable-blink-features</arg>
<doc>Calls the named method of the given object with the provided arguments.</doc>
<status status="PASS" starttime="20231010 22:19:25.256" endtime="20231010 22:19:25.256"/>
</kw>
<kw name="Call Method" library="BuiltIn">
<arg>${chrome_options}</arg>
<arg>add_argument</arg>
<arg>--disable-infobars</arg>
<doc>Calls the named method of the given object with the provided arguments.</doc>
<status status="PASS" starttime="20231010 22:19:25.256" endtime="20231010 22:19:25.265"/>
</kw>
<kw name="Call Method" library="BuiltIn">
<arg>${chrome_options}</arg>
<arg>add_experimental_option</arg>
<arg>useAutomationExtension</arg>
<arg>${False}</arg>
<doc>Calls the named method of the given object with the provided arguments.</doc>
<status status="PASS" starttime="20231010 22:19:25.265" endtime="20231010 22:19:25.265"/>
</kw>
<kw name="Create Dictionary" library="BuiltIn">
<var>${prefs}</var>
<arg>credentials_enable_service=${FALSE}</arg>
<arg>profile.password_manager_enabled=${False}</arg>
<doc>Creates and returns a dictionary based on the given ``items``.</doc>
<msg timestamp="20231010 22:19:25.265" level="INFO">${prefs} = {'credentials_enable_service': False, 'profile.password_manager_enabled': False}</msg>
<status status="PASS" starttime="20231010 22:19:25.265" endtime="20231010 22:19:25.265"/>
</kw>
<kw name="Call Method" library="BuiltIn">
<arg>${chrome_options}</arg>
<arg>add_experimental_option</arg>
<arg>prefs</arg>
<arg>${prefs}</arg>
<doc>Calls the named method of the given object with the provided arguments.</doc>
<status status="PASS" starttime="20231010 22:19:25.265" endtime="20231010 22:19:25.265"/>
</kw>
<kw name="Set Variable" library="BuiltIn">
<var>${userAgent}</var>
<arg>--user-agent="Mozilla/5.0 (Windows NT 10.0; Win64; x64) AppleWebKit/537.36 (KHTML, like Gecko) Chrome/114.0.0.0 Safari/537.36"</arg>
<doc>Returns the given values which can then be assigned to a variables.</doc>
<msg timestamp="20231010 22:19:25.265" level="INFO">${userAgent} = --user-agent="Mozilla/5.0 (Windows NT 10.0; Win64; x64) AppleWebKit/537.36 (KHTML, like Gecko) Chrome/114.0.0.0 Safari/537.36"</msg>
<status status="PASS" starttime="20231010 22:19:25.265" endtime="20231010 22:19:25.265"/>
</kw>
<kw name="Call Method" library="BuiltIn">
<arg>${chrome_options}</arg>
<arg>add_argument</arg>
<arg>${userAgent}</arg>
<doc>Calls the named method of the given object with the provided arguments.</doc>
<status status="PASS" starttime="20231010 22:19:25.265" endtime="20231010 22:19:25.265"/>
</kw>
<kw name="Create List" library="BuiltIn">
<var>${excluded}</var>
<arg>enable-automation</arg>
<arg>enable-logging</arg>
<doc>Returns a list containing given items.</doc>
<msg timestamp="20231010 22:19:25.265" level="INFO">${excluded} = ['enable-automation', 'enable-logging']</msg>
<status status="PASS" starttime="20231010 22:19:25.265" endtime="20231010 22:19:25.265"/>
</kw>
<kw name="Call Method" library="BuiltIn">
<arg>${chrome_options}</arg>
<arg>add_experimental_option</arg>
<arg>excludeSwitches</arg>
<arg>${excluded}</arg>
<doc>Calls the named method of the given object with the provided arguments.</doc>
<status status="PASS" starttime="20231010 22:19:25.265" endtime="20231010 22:19:25.265"/>
</kw>
<kw name="Create Webdriver" library="SeleniumLibrary">
<arg>driver_name=Chrome</arg>
<arg>options=${chrome_options}</arg>
<doc>Creates an instance of Selenium WebDriver.</doc>
<msg timestamp="20231010 22:19:25.265" level="INFO">Creating an instance of the Chrome WebDriver.</msg>
<status status="PASS" starttime="20231010 22:19:25.265" endtime="20231010 22:19:28.012"/>
</kw>
<kw name="Set Global Variable" library="BuiltIn">
<arg>${chrome_options}</arg>
<doc>Makes a variable available globally in all tests and suites.</doc>
<msg timestamp="20231010 22:19:28.015" level="INFO">${chrome_options} = &lt;selenium.webdriver.chrome.options.Options object at 0x0000013ED8780370&gt;</msg>
<status status="PASS" starttime="20231010 22:19:28.012" endtime="20231010 22:19:28.015"/>
</kw>
<kw name="Maximize Browser Window" library="SeleniumLibrary">
<doc>Maximizes current browser window.</doc>
<status status="PASS" starttime="20231010 22:19:28.015" endtime="20231010 22:19:28.171"/>
</kw>
<kw name="Go To" library="SeleniumLibrary">
<arg>${url}</arg>
<doc>Navigates the current browser window to the provided ``url``.</doc>
<msg timestamp="20231010 22:19:28.171" level="INFO">Opening url 'https://www.irctc.co.in/'</msg>
<status status="PASS" starttime="20231010 22:19:28.171" endtime="20231010 22:19:53.637"/>
</kw>
<status status="PASS" starttime="20231010 22:19:25.249" endtime="20231010 22:19:53.637"/>
</kw>
<status status="PASS" starttime="20231010 22:19:25.249" endtime="20231010 22:19:53.637"/>
</kw>
<test id="s1-t1" name="User should login to irctc portal" line="12">
<kw name="Login irctc portal" library="homepage">
<kw name="Wait Until Element Is Enabled" library="SeleniumLibrary">
<arg>${login_button}</arg>
<doc>Waits until the element ``locator`` is enabled.</doc>
<status status="PASS" starttime="20231010 22:19:53.637" endtime="20231010 22:19:53.847"/>
</kw>
<kw name="Click Element" library="SeleniumLibrary">
<arg>${login_button}</arg>
<doc>Click the element identified by ``locator``.</doc>
<msg timestamp="20231010 22:19:53.847" level="INFO">Clicking element '//a[contains(text(),'LOGIN')]'.</msg>
<status status="PASS" starttime="20231010 22:19:53.847" endtime="20231010 22:19:54.075"/>
</kw>
<kw name="Wait Until Element Is Enabled" library="SeleniumLibrary">
<arg>${user_name}</arg>
<doc>Waits until the element ``locator`` is enabled.</doc>
<status status="PASS" starttime="20231010 22:19:54.075" endtime="20231010 22:19:54.170"/>
</kw>
<kw name="Input Text" library="SeleniumLibrary">
<arg>${user_name}</arg>
<arg>davshakya</arg>
<doc>Types the given ``text`` into the text field identified by ``locator``.</doc>
<msg timestamp="20231010 22:19:54.170" level="INFO">Typing text 'davshakya' into text field '//input[@placeholder='User Name']'.</msg>
<status status="PASS" starttime="20231010 22:19:54.170" endtime="20231010 22:19:54.574"/>
</kw>
<kw name="Input Text" library="SeleniumLibrary">
<arg>${password}</arg>
<arg>Ranjana21#</arg>
<doc>Types the given ``text`` into the text field identified by ``locator``.</doc>
<msg timestamp="20231010 22:19:54.574" level="INFO">Typing text 'Ranjana21#' into text field '//input[@placeholder='Password']'.</msg>
<status status="PASS" starttime="20231010 22:19:54.574" endtime="20231010 22:19:54.775"/>
</kw>
<kw name="Enter captcha text" library="homepage">
<kw name="get captcha text from image" library="homepage">
<var>${get_text_captcha}</var>
<kw name="Wait Until Element Is Visible" library="SeleniumLibrary">
<arg>${captcha_image}</arg>
<arg>120</arg>
<doc>Waits until the element ``locator`` is visible.</doc>
<status status="PASS" starttime="20231010 22:19:54.775" endtime="20231010 22:19:55.324"/>
</kw>
<kw name="Get WebElement" library="SeleniumLibrary">
<var>${image_element}</var>
<arg>${captcha_image}</arg>
<doc>Returns the first WebElement matching the given ``locator``.</doc>
<msg timestamp="20231010 22:19:55.352" level="INFO">${image_element} = &lt;selenium.webdriver.remote.webelement.WebElement (session="2ee60fd32bb8e58befe74c0d25ad5fb6", element="1A3417AA9C993A90E051704A102556AE_element_152")&gt;</msg>
<status status="PASS" starttime="20231010 22:19:55.324" endtime="20231010 22:19:55.352"/>
</kw>
<kw name="Get Captcha Text" library="test_utils">
<var>${text}</var>
<arg>${image_element}</arg>
<msg timestamp="20231010 22:19:56.670" level="INFO">${text} = TY hnh</msg>
<status status="PASS" starttime="20231010 22:19:55.352" endtime="20231010 22:19:56.670"/>
</kw>
<msg timestamp="20231010 22:19:56.670" level="INFO">${get_text_captcha} = TY hnh</msg>
<status status="PASS" starttime="20231010 22:19:54.775" endtime="20231010 22:19:56.670"/>
</kw>
<kw name="Log To Console" library="BuiltIn">
<arg>${get_text_captcha}</arg>
<doc>Logs the given message to the console.</doc>
<status status="PASS" starttime="20231010 22:19:56.670" endtime="20231010 22:19:56.670"/>
</kw>
<kw name="Input Text" library="SeleniumLibrary">
<arg>${captcha_input_box}</arg>
<arg>${get_text_captcha}</arg>
<doc>Types the given ``text`` into the text field identified by ``locator``.</doc>
<msg timestamp="20231010 22:19:56.672" level="INFO">Typing text 'TY hnh' into text field '//input[@id='captcha']'.</msg>
<status status="PASS" starttime="20231010 22:19:56.670" endtime="20231010 22:19:56.892"/>
</kw>
<kw name="Click Element" library="SeleniumLibrary">
<arg>${sign_in_button}</arg>
<doc>Click the element identified by ``locator``.</doc>
<msg timestamp="20231010 22:19:56.892" level="INFO">Clicking element '//button[normalize-space()='SIGN IN']'.</msg>
<status status="PASS" starttime="20231010 22:19:56.892" endtime="20231010 22:19:57.036"/>
</kw>
<kw name="Sleep" library="BuiltIn">
<arg>5</arg>
<doc>Pauses the test executed for the given time.</doc>
<msg timestamp="20231010 22:20:02.048" level="INFO">Slept 5 seconds</msg>
<status status="PASS" starttime="20231010 22:19:57.036" endtime="20231010 22:20:02.048"/>
</kw>
<kw name="Run Keyword And Return Status" library="BuiltIn">
<var>${isExist}</var>
<arg>Element Should Be Enabled</arg>
<arg>${invalid_captcha_text}</arg>
<doc>Runs the given keyword with given arguments and returns the status as a Boolean value.</doc>
<kw name="Element Should Be Enabled" library="SeleniumLibrary">
<arg>${invalid_captcha_text}</arg>
<doc>Verifies that element identified by ``locator`` is enabled.</doc>
<status status="PASS" starttime="20231010 22:20:02.048" endtime="20231010 22:20:02.114"/>
</kw>
<msg timestamp="20231010 22:20:02.114" level="INFO">${isExist} = True</msg>
<status status="PASS" starttime="20231010 22:20:02.048" endtime="20231010 22:20:02.114"/>
</kw>
<while condition="${isExist}==$True">
<iter>
<kw name="get captcha text from image" library="homepage">
<var>${get_text_captcha}</var>
<kw name="Wait Until Element Is Visible" library="SeleniumLibrary">
<arg>${captcha_image}</arg>
<arg>120</arg>
<doc>Waits until the element ``locator`` is visible.</doc>
<status status="PASS" starttime="20231010 22:20:02.114" endtime="20231010 22:20:02.199"/>
</kw>
<kw name="Get WebElement" library="SeleniumLibrary">
<var>${image_element}</var>
<arg>${captcha_image}</arg>
<doc>Returns the first WebElement matching the given ``locator``.</doc>
<msg timestamp="20231010 22:20:02.214" level="INFO">${image_element} = &lt;selenium.webdriver.remote.webelement.WebElement (session="2ee60fd32bb8e58befe74c0d25ad5fb6", element="1A3417AA9C993A90E051704A102556AE_element_158")&gt;</msg>
<status status="PASS" starttime="20231010 22:20:02.199" endtime="20231010 22:20:02.214"/>
</kw>
<kw name="Get Captcha Text" library="test_utils">
<var>${text}</var>
<arg>${image_element}</arg>
<msg timestamp="20231010 22:20:02.533" level="INFO">${text} = h6rtN</msg>
<status status="PASS" starttime="20231010 22:20:02.214" endtime="20231010 22:20:02.533"/>
</kw>
<msg timestamp="20231010 22:20:02.533" level="INFO">${get_text_captcha} = h6rtN</msg>
<status status="PASS" starttime="20231010 22:20:02.114" endtime="20231010 22:20:02.533"/>
</kw>
<kw name="Log To Console" library="BuiltIn">
<arg>${get_text_captcha}</arg>
<doc>Logs the given message to the console.</doc>
<status status="PASS" starttime="20231010 22:20:02.533" endtime="20231010 22:20:02.533"/>
</kw>
<kw name="Input Text" library="SeleniumLibrary">
<arg>${captcha_input_box}</arg>
<arg>${get_text_captcha}</arg>
<doc>Types the given ``text`` into the text field identified by ``locator``.</doc>
<msg timestamp="20231010 22:20:02.533" level="INFO">Typing text 'h6rtN' into text field '//input[@id='captcha']'.</msg>
<status status="PASS" starttime="20231010 22:20:02.533" endtime="20231010 22:20:02.701"/>
</kw>
<kw name="Click Element" library="SeleniumLibrary">
<arg>${sign_in_button}</arg>
<doc>Click the element identified by ``locator``.</doc>
<msg timestamp="20231010 22:20:02.701" level="INFO">Clicking element '//button[normalize-space()='SIGN IN']'.</msg>
<status status="PASS" starttime="20231010 22:20:02.701" endtime="20231010 22:20:02.762"/>
</kw>
<kw name="Sleep" library="BuiltIn">
<arg>5</arg>
<doc>Pauses the test executed for the given time.</doc>
<msg timestamp="20231010 22:20:07.764" level="INFO">Slept 5 seconds</msg>
<status status="PASS" starttime="20231010 22:20:02.762" endtime="20231010 22:20:07.764"/>
</kw>
<kw name="Return From Keyword" library="BuiltIn">
<var>${isExist}</var>
<arg>Element Should Be Visible</arg>
<arg>${invalid_captcha_text}</arg>
<doc>Returns from the enclosing user keyword.</doc>
<msg timestamp="20231010 22:20:07.764" level="INFO">Returning from the enclosing user keyword.</msg>
<status status="PASS" starttime="20231010 22:20:07.764" endtime="20231010 22:20:07.764"/>
</kw>
<status status="PASS" starttime="20231010 22:20:02.114" endtime="20231010 22:20:07.764"/>
</iter>
<status status="PASS" starttime="20231010 22:20:02.114" endtime="20231010 22:20:07.764"/>
</while>
<status status="PASS" starttime="20231010 22:19:54.775" endtime="20231010 22:20:07.764"/>
</kw>
<status status="PASS" starttime="20231010 22:19:53.637" endtime="20231010 22:20:07.764"/>
</kw>
<kw name="User should search train" library="homepage">
<kw name="Sleep" library="BuiltIn">
<arg>2</arg>
<doc>Pauses the test executed for the given time.</doc>
<msg timestamp="20231010 22:20:09.776" level="INFO">Slept 2 seconds</msg>
<status status="PASS" starttime="20231010 22:20:07.764" endtime="20231010 22:20:09.776"/>
</kw>
<kw name="Enter journey details to search train" library="homepage">
<kw name="Get From City" library="test_utils">
<var>${start_city}</var>
<msg timestamp="20231010 22:20:10.636" level="INFO">C:\Users\davsh\AppData\Local\Programs\Python\Python39\lib\site-packages\openpyxl\worksheet\_reader.py:329: UserWarning: Data Validation extension is not supported and will be removed
  warn(msg)</msg>
<msg timestamp="20231010 22:20:10.640" level="INFO">${start_city} = ORAI</msg>
<status status="PASS" starttime="20231010 22:20:09.776" endtime="20231010 22:20:10.640"/>
</kw>
<kw name="Get To City" library="test_utils">
<var>${destination_city}</var>
<msg timestamp="20231010 22:20:10.790" level="INFO">C:\Users\davsh\AppData\Local\Programs\Python\Python39\lib\site-packages\openpyxl\worksheet\_reader.py:329: UserWarning: Data Validation extension is not supported and will be removed
  warn(msg)</msg>
<msg timestamp="20231010 22:20:10.790" level="INFO">${destination_city} = LUCKNOW NR</msg>
<status status="PASS" starttime="20231010 22:20:10.640" endtime="20231010 22:20:10.790"/>
</kw>
<kw name="Input Text" library="SeleniumLibrary">
<arg>${enter_start_city_code}</arg>
<arg>${start_city}</arg>
<doc>Types the given ``text`` into the text field identified by ``locator``.</doc>
<msg timestamp="20231010 22:20:10.790" level="INFO">Typing text 'ORAI' into text field '(//input[contains(@class,'ui-inputtext')])[1]'.</msg>
<status status="PASS" starttime="20231010 22:20:10.790" endtime="20231010 22:20:11.011"/>
</kw>
<kw name="Sleep" library="BuiltIn">
<arg>5</arg>
<doc>Pauses the test executed for the given time.</doc>
<msg timestamp="20231010 22:20:16.019" level="INFO">Slept 5 seconds</msg>
<status status="PASS" starttime="20231010 22:20:11.011" endtime="20231010 22:20:16.019"/>
</kw>
<kw name="select city from dropdown" library="homepage">
<arg>${start_city}</arg>
<kw name="Format String" library="String">
<var>${check_city_name}</var>
<arg>${select_dropdown_city_name_1}</arg>
<arg>${city_name}</arg>
<doc>Formats a ``template`` using the given ``positional`` and ``named`` arguments.</doc>
<msg timestamp="20231010 22:20:16.019" level="INFO">${check_city_name} = (//div//ul/li/span[contains(text(),'ORAI -')])[1]</msg>
<status status="PASS" starttime="20231010 22:20:16.019" endtime="20231010 22:20:16.019"/>
</kw>
<kw name="Run Keyword And Return Status" library="BuiltIn">
<var>${isExist}</var>
<arg>Element Should Be Enabled</arg>
<arg>${check_city_name}</arg>
<doc>Runs the given keyword with given arguments and returns the status as a Boolean value.</doc>
<kw name="Element Should Be Enabled" library="SeleniumLibrary">
<arg>${check_city_name}</arg>
<doc>Verifies that element identified by ``locator`` is enabled.</doc>
<status status="PASS" starttime="20231010 22:20:16.019" endtime="20231010 22:20:16.097"/>
</kw>
<msg timestamp="20231010 22:20:16.097" level="INFO">${isExist} = True</msg>
<status status="PASS" starttime="20231010 22:20:16.019" endtime="20231010 22:20:16.097"/>
</kw>
<if>
<branch type="IF" condition="${isExist} == $True">
<kw name="Click Element" library="SeleniumLibrary">
<arg>${check_city_name}</arg>
<doc>Click the element identified by ``locator``.</doc>
<msg timestamp="20231010 22:20:16.097" level="INFO">Clicking element '(//div//ul/li/span[contains(text(),'ORAI -')])[1]'.</msg>
<status status="PASS" starttime="20231010 22:20:16.097" endtime="20231010 22:20:16.242"/>
</kw>
<status status="PASS" starttime="20231010 22:20:16.097" endtime="20231010 22:20:16.242"/>
</branch>
<branch type="ELSE">
<kw name="Format String" library="String">
<var>${get_city_name}</var>
<arg>${select_dropdown_city_name_2}</arg>
<arg>${city_name}</arg>
<doc>Formats a ``template`` using the given ``positional`` and ``named`` arguments.</doc>
<status status="NOT RUN" starttime="20231010 22:20:16.242" endtime="20231010 22:20:16.242"/>
</kw>
<kw name="Click Element" library="SeleniumLibrary">
<arg>${get_city_name}</arg>
<doc>Click the element identified by ``locator``.</doc>
<status status="NOT RUN" starttime="20231010 22:20:16.242" endtime="20231010 22:20:16.242"/>
</kw>
<status status="NOT RUN" starttime="20231010 22:20:16.242" endtime="20231010 22:20:16.242"/>
</branch>
<status status="PASS" starttime="20231010 22:20:16.097" endtime="20231010 22:20:16.242"/>
</if>
<status status="PASS" starttime="20231010 22:20:16.019" endtime="20231010 22:20:16.242"/>
</kw>
<kw name="Input Text" library="SeleniumLibrary">
<arg>${enter_destination_city_code}</arg>
<arg>${destination_city}</arg>
<doc>Types the given ``text`` into the text field identified by ``locator``.</doc>
<msg timestamp="20231010 22:20:16.242" level="INFO">Typing text 'LUCKNOW NR' into text field '(//input[contains(@class,'ui-inputtext')])[2]'.</msg>
<status status="PASS" starttime="20231010 22:20:16.242" endtime="20231010 22:20:16.458"/>
</kw>
<kw name="Sleep" library="BuiltIn">
<arg>5</arg>
<doc>Pauses the test executed for the given time.</doc>
<msg timestamp="20231010 22:20:21.470" level="INFO">Slept 5 seconds</msg>
<status status="PASS" starttime="20231010 22:20:16.458" endtime="20231010 22:20:21.470"/>
</kw>
<kw name="select city from dropdown" library="homepage">
<arg>${destination_city}</arg>
<kw name="Format String" library="String">
<var>${check_city_name}</var>
<arg>${select_dropdown_city_name_1}</arg>
<arg>${city_name}</arg>
<doc>Formats a ``template`` using the given ``positional`` and ``named`` arguments.</doc>
<msg timestamp="20231010 22:20:21.472" level="INFO">${check_city_name} = (//div//ul/li/span[contains(text(),'LUCKNOW NR -')])[1]</msg>
<status status="PASS" starttime="20231010 22:20:21.472" endtime="20231010 22:20:21.472"/>
</kw>
<kw name="Run Keyword And Return Status" library="BuiltIn">
<var>${isExist}</var>
<arg>Element Should Be Enabled</arg>
<arg>${check_city_name}</arg>
<doc>Runs the given keyword with given arguments and returns the status as a Boolean value.</doc>
<kw name="Element Should Be Enabled" library="SeleniumLibrary">
<arg>${check_city_name}</arg>
<doc>Verifies that element identified by ``locator`` is enabled.</doc>
<status status="PASS" starttime="20231010 22:20:21.478" endtime="20231010 22:20:21.551"/>
</kw>
<msg timestamp="20231010 22:20:21.551" level="INFO">${isExist} = True</msg>
<status status="PASS" starttime="20231010 22:20:21.472" endtime="20231010 22:20:21.551"/>
</kw>
<if>
<branch type="IF" condition="${isExist} == $True">
<kw name="Click Element" library="SeleniumLibrary">
<arg>${check_city_name}</arg>
<doc>Click the element identified by ``locator``.</doc>
<msg timestamp="20231010 22:20:21.551" level="INFO">Clicking element '(//div//ul/li/span[contains(text(),'LUCKNOW NR -')])[1]'.</msg>
<status status="PASS" starttime="20231010 22:20:21.551" endtime="20231010 22:20:21.707"/>
</kw>
<status status="PASS" starttime="20231010 22:20:21.551" endtime="20231010 22:20:21.708"/>
</branch>
<branch type="ELSE">
<kw name="Format String" library="String">
<var>${get_city_name}</var>
<arg>${select_dropdown_city_name_2}</arg>
<arg>${city_name}</arg>
<doc>Formats a ``template`` using the given ``positional`` and ``named`` arguments.</doc>
<status status="NOT RUN" starttime="20231010 22:20:21.708" endtime="20231010 22:20:21.708"/>
</kw>
<kw name="Click Element" library="SeleniumLibrary">
<arg>${get_city_name}</arg>
<doc>Click the element identified by ``locator``.</doc>
<status status="NOT RUN" starttime="20231010 22:20:21.708" endtime="20231010 22:20:21.708"/>
</kw>
<status status="NOT RUN" starttime="20231010 22:20:21.708" endtime="20231010 22:20:21.708"/>
</branch>
<status status="PASS" starttime="20231010 22:20:21.551" endtime="20231010 22:20:21.708"/>
</if>
<status status="PASS" starttime="20231010 22:20:21.470" endtime="20231010 22:20:21.708"/>
</kw>
<status status="PASS" starttime="20231010 22:20:09.776" endtime="20231010 22:20:21.708"/>
</kw>
<kw name="Set date of journey" library="homepage">
<kw name="Click Element" library="SeleniumLibrary">
<arg>${open_calendar}</arg>
<doc>Click the element identified by ``locator``.</doc>
<msg timestamp="20231010 22:20:21.711" level="INFO">Clicking element '(//input[contains(@class,'ui-inputtext')])[3]'.</msg>
<status status="PASS" starttime="20231010 22:20:21.711" endtime="20231010 22:20:21.841"/>
</kw>
<kw name="Journey Date" library="test_utils">
<var>${get_date}</var>
<msg timestamp="20231010 22:20:22.036" level="INFO">C:\Users\davsh\AppData\Local\Programs\Python\Python39\lib\site-packages\openpyxl\worksheet\_reader.py:329: UserWarning: Data Validation extension is not supported and will be removed
  warn(msg)</msg>
<msg timestamp="20231010 22:20:22.036" level="INFO">${get_date} = 16/11/2023</msg>
<status status="PASS" starttime="20231010 22:20:21.841" endtime="20231010 22:20:22.036"/>
</kw>
<kw name="Input Text" library="SeleniumLibrary">
<arg>${date_formate_loc}</arg>
<arg>${get_date}</arg>
<doc>Types the given ``text`` into the text field identified by ``locator``.</doc>
<msg timestamp="20231010 22:20:22.036" level="INFO">Typing text '16/11/2023' into text field '//*[@dateformat='dd/mm/yy']/span/input'.</msg>
<status status="PASS" starttime="20231010 22:20:22.036" endtime="20231010 22:20:22.290"/>
</kw>
<kw name="Get Substring" library="String">
<var>${get_only_date}</var>
<arg>${get_date}</arg>
<arg>0</arg>
<arg>2</arg>
<doc>Returns a substring from ``start`` index to ``end`` index.</doc>
<msg timestamp="20231010 22:20:22.290" level="INFO">${get_only_date} = 16</msg>
<status status="PASS" starttime="20231010 22:20:22.290" endtime="20231010 22:20:22.290"/>
</kw>
<kw name="Format String" library="String">
<var>${get_xpath_for_date}</var>
<arg>${select_date_of_journey}</arg>
<arg>${get_only_date}</arg>
<doc>Formats a ``template`` using the given ``positional`` and ``named`` arguments.</doc>
<msg timestamp="20231010 22:20:22.292" level="INFO">${get_xpath_for_date} = (//span/following::td[normalize-space()='16'])[1]</msg>
<status status="PASS" starttime="20231010 22:20:22.290" endtime="20231010 22:20:22.292"/>
</kw>
<kw name="Click Element" library="SeleniumLibrary">
<arg>${get_xpath_for_date}</arg>
<doc>Click the element identified by ``locator``.</doc>
<msg timestamp="20231010 22:20:22.292" level="INFO">Clicking element '(//span/following::td[normalize-space()='16'])[1]'.</msg>
<status status="PASS" starttime="20231010 22:20:22.292" endtime="20231010 22:20:22.435"/>
</kw>
<status status="PASS" starttime="20231010 22:20:21.708" endtime="20231010 22:20:22.435"/>
</kw>
<kw name="Click Element" library="SeleniumLibrary">
<arg>${search_button_loc}</arg>
<doc>Click the element identified by ``locator``.</doc>
<msg timestamp="20231010 22:20:22.437" level="INFO">Clicking element '//button[contains(text(),'Search')]'.</msg>
<status status="PASS" starttime="20231010 22:20:22.435" endtime="20231010 22:20:22.538"/>
</kw>
<status status="PASS" starttime="20231010 22:20:07.764" endtime="20231010 22:20:22.553"/>
</kw>
<kw name="User should book ticket" library="homepage">
<kw name="Wait Until Element Is Visible" library="SeleniumLibrary">
<arg>${show_available_trains_button}</arg>
<arg>120</arg>
<doc>Waits until the element ``locator`` is visible.</doc>
<status status="PASS" starttime="20231010 22:20:22.553" endtime="20231010 22:20:23.838"/>
</kw>
<kw name="Seat Cetagory" library="test_utils">
<var>${get_seat_cetagory}</var>
<msg timestamp="20231010 22:20:24.035" level="INFO">C:\Users\davsh\AppData\Local\Programs\Python\Python39\lib\site-packages\openpyxl\worksheet\_reader.py:329: UserWarning: Data Validation extension is not supported and will be removed
  warn(msg)</msg>
<msg timestamp="20231010 22:20:24.040" level="INFO">${get_seat_cetagory} = CC</msg>
<status status="PASS" starttime="20231010 22:20:23.838" endtime="20231010 22:20:24.040"/>
</kw>
<kw name="Train Number" library="test_utils">
<var>${get_train_number}</var>
<msg timestamp="20231010 22:20:24.217" level="INFO">C:\Users\davsh\AppData\Local\Programs\Python\Python39\lib\site-packages\openpyxl\worksheet\_reader.py:329: UserWarning: Data Validation extension is not supported and will be removed
  warn(msg)</msg>
<msg timestamp="20231010 22:20:24.217" level="INFO">${get_train_number} = 11109</msg>
<status status="PASS" starttime="20231010 22:20:24.040" endtime="20231010 22:20:24.217"/>
</kw>
<kw name="Click Element" library="SeleniumLibrary">
<arg>${show_available_trains_button}</arg>
<doc>Click the element identified by ``locator``.</doc>
<msg timestamp="20231010 22:20:24.217" level="INFO">Clicking element '//span[contains(text(),'Show Available Trains')]'.</msg>
<status status="PASS" starttime="20231010 22:20:24.217" endtime="20231010 22:20:24.343"/>
</kw>
<kw name="Format String" library="String">
<var>${refresh_button_xpath}</var>
<arg>${train_refresh}</arg>
<arg>${get_train_number}</arg>
<doc>Formats a ``template`` using the given ``positional`` and ``named`` arguments.</doc>
<msg timestamp="20231010 22:20:24.404" level="INFO">${refresh_button_xpath} = //div[@class='tbis-div']//*[contains(text(),'11109')]/parent::div/parent::div/parent::div/div[5]//td[1]//span</msg>
<status status="PASS" starttime="20231010 22:20:24.344" endtime="20231010 22:20:24.406"/>
</kw>
<kw name="Scroll Element Into View" library="SeleniumLibrary">
<arg>${refresh_button_xpath}</arg>
<doc>Scrolls the element identified by ``locator`` into view.</doc>
<status status="PASS" starttime="20231010 22:20:24.406" endtime="20231010 22:20:24.774"/>
</kw>
<kw name="Click Element" library="SeleniumLibrary">
<arg>${refresh_button_xpath}</arg>
<doc>Click the element identified by ``locator``.</doc>
<msg timestamp="20231010 22:20:24.774" level="INFO">Clicking element '//div[@class='tbis-div']//*[contains(text(),'11109')]/parent::div/parent::div/parent::div/div[5]//td[1]//span'.</msg>
<status status="PASS" starttime="20231010 22:20:24.774" endtime="20231010 22:20:24.857"/>
</kw>
<kw name="Format String" library="String">
<var>${select_seat_cetagory}</var>
<arg>${seat_select_button}</arg>
<arg>${get_train_number}</arg>
<arg>${get_seat_cetagory}</arg>
<doc>Formats a ``template`` using the given ``positional`` and ``named`` arguments.</doc>
<msg timestamp="20231010 22:20:24.861" level="INFO">${select_seat_cetagory} = //div[@class='tbis-div']//*[contains(text(),'11109')]/ancestor::app-train-avl-enq/div/div[7]//li//strong/span[contains(text(),'CC')][1]</msg>
<status status="PASS" starttime="20231010 22:20:24.857" endtime="20231010 22:20:24.861"/>
</kw>
<kw name="Wait Until Element Is Visible" library="SeleniumLibrary">
<arg>${select_seat_cetagory}</arg>
<arg>60</arg>
<doc>Waits until the element ``locator`` is visible.</doc>
<status status="PASS" starttime="20231010 22:20:24.861" endtime="20231010 22:20:25.455"/>
</kw>
<kw name="Scroll Element Into View" library="SeleniumLibrary">
<arg>${select_seat_cetagory}</arg>
<doc>Scrolls the element identified by ``locator`` into view.</doc>
<status status="PASS" starttime="20231010 22:20:25.455" endtime="20231010 22:20:26.053"/>
</kw>
<kw name="Click Element" library="SeleniumLibrary">
<arg>${select_seat_cetagory}</arg>
<doc>Click the element identified by ``locator``.</doc>
<msg timestamp="20231010 22:20:26.054" level="INFO">Clicking element '//div[@class='tbis-div']//*[contains(text(),'11109')]/ancestor::app-train-avl-enq/div/div[7]//li//strong/span[contains(text(),'CC')][1]'.</msg>
<status status="PASS" starttime="20231010 22:20:26.054" endtime="20231010 22:20:26.187"/>
</kw>
<kw name="Format String" library="String">
<var>${get_seat_vacant_status}</var>
<arg>${not_available}</arg>
<arg>${get_train_number}</arg>
<doc>Formats a ``template`` using the given ``positional`` and ``named`` arguments.</doc>
<msg timestamp="20231010 22:20:26.190" level="INFO">${get_seat_vacant_status} = //div[@class='tbis-div']//*[contains(text(),'11109')]/ancestor::app-train-avl-enq/div/div[7]//div[3]//td//strong[contains(text(),'NOT AVAILABLE') or contains(text(),'TRAIN DEPARTED')]</msg>
<status status="PASS" starttime="20231010 22:20:26.187" endtime="20231010 22:20:26.190"/>
</kw>
<kw name="Run Keyword And Return Status" library="BuiltIn">
<var>${isExist}</var>
<arg>Element Should Be Enabled</arg>
<arg>${get_seat_vacant_status}</arg>
<doc>Runs the given keyword with given arguments and returns the status as a Boolean value.</doc>
<kw name="Element Should Be Enabled" library="SeleniumLibrary">
<arg>${get_seat_vacant_status}</arg>
<doc>Verifies that element identified by ``locator`` is enabled.</doc>
<msg timestamp="20231010 22:20:26.773" level="INFO" html="true">&lt;/td&gt;&lt;/tr&gt;&lt;tr&gt;&lt;td colspan="3"&gt;&lt;a href="selenium-screenshot-1.png"&gt;&lt;img src="selenium-screenshot-1.png" width="800px"&gt;&lt;/a&gt;</msg>
<msg timestamp="20231010 22:20:26.773" level="FAIL">Element with locator '//div[@class='tbis-div']//*[contains(text(),'11109')]/ancestor::app-train-avl-enq/div/div[7]//div[3]//td//strong[contains(text(),'NOT AVAILABLE') or contains(text(),'TRAIN DEPARTED')]' not found.</msg>
<status status="FAIL" starttime="20231010 22:20:26.190" endtime="20231010 22:20:26.882"/>
</kw>
<msg timestamp="20231010 22:20:26.882" level="INFO">${isExist} = False</msg>
<status status="PASS" starttime="20231010 22:20:26.190" endtime="20231010 22:20:26.882"/>
</kw>
<if>
<branch type="IF" condition="${isExist} == $True">
<kw name="Pass Execution" library="BuiltIn">
<arg>No ticket booked, Seat not available</arg>
<doc>Skips rest of the current test, setup, or teardown with PASS status.</doc>
<status status="NOT RUN" starttime="20231010 22:20:26.887" endtime="20231010 22:20:26.887"/>
</kw>
<status status="NOT RUN" starttime="20231010 22:20:26.882" endtime="20231010 22:20:26.887"/>
</branch>
<status status="PASS" starttime="20231010 22:20:26.882" endtime="20231010 22:20:26.887"/>
</if>
<kw name="Format String" library="String">
<var>${select_available_seat}</var>
<arg>${available_seat}</arg>
<arg>${get_train_number}</arg>
<doc>Formats a ``template`` using the given ``positional`` and ``named`` arguments.</doc>
<msg timestamp="20231010 22:20:26.887" level="INFO">${select_available_seat} = (//div[@class='tbis-div']//*[contains(text(),'11109')]/ancestor::app-train-avl-enq/div/div[7]//div[3]//td//strong[contains(text(),'AVAILABLE-')])[1]</msg>
<status status="PASS" starttime="20231010 22:20:26.887" endtime="20231010 22:20:26.888"/>
</kw>
<kw name="Wait Until Element Is Visible" library="SeleniumLibrary">
<arg>${select_available_seat}</arg>
<arg>60</arg>
<doc>Waits until the element ``locator`` is visible.</doc>
<status status="PASS" starttime="20231010 22:20:26.888" endtime="20231010 22:20:26.915"/>
</kw>
<kw name="Click Element" library="SeleniumLibrary">
<arg>${select_available_seat}</arg>
<doc>Click the element identified by ``locator``.</doc>
<msg timestamp="20231010 22:20:26.920" level="INFO">Clicking element '(//div[@class='tbis-div']//*[contains(text(),'11109')]/ancestor::app-train-avl-enq/div/div[7]//div[3]//td//strong[contains(text(),'AVAILABLE-')])[1]'.</msg>
<status status="PASS" starttime="20231010 22:20:26.919" endtime="20231010 22:20:26.971"/>
</kw>
<kw name="Format String" library="String">
<var>${get_book_buttonloc}</var>
<arg>${book_buttonloc}</arg>
<arg>${get_train_number}</arg>
<doc>Formats a ``template`` using the given ``positional`` and ``named`` arguments.</doc>
<msg timestamp="20231010 22:20:26.971" level="INFO">${get_book_buttonloc} = //div[@class='tbis-div']//*[contains(text(),'11109')]/ancestor::app-train-avl-enq/div[2]//button</msg>
<status status="PASS" starttime="20231010 22:20:26.971" endtime="20231010 22:20:26.979"/>
</kw>
<kw name="Wait Until Element Is Visible" library="SeleniumLibrary">
<arg>${get_book_buttonloc}</arg>
<arg>60</arg>
<doc>Waits until the element ``locator`` is visible.</doc>
<status status="PASS" starttime="20231010 22:20:26.979" endtime="20231010 22:20:27.012"/>
</kw>
<kw name="Click Element" library="SeleniumLibrary">
<arg>${get_book_buttonloc}</arg>
<doc>Click the element identified by ``locator``.</doc>
<msg timestamp="20231010 22:20:27.022" level="INFO">Clicking element '//div[@class='tbis-div']//*[contains(text(),'11109')]/ancestor::app-train-avl-enq/div[2]//button'.</msg>
<status status="PASS" starttime="20231010 22:20:27.021" endtime="20231010 22:20:27.155"/>
</kw>
<kw name="Sleep" library="BuiltIn">
<arg>5</arg>
<doc>Pauses the test executed for the given time.</doc>
<msg timestamp="20231010 22:20:32.160" level="INFO">Slept 5 seconds</msg>
<status status="PASS" starttime="20231010 22:20:27.155" endtime="20231010 22:20:32.160"/>
</kw>
<kw name="Run Keyword And Return Status" library="BuiltIn">
<var>${isExist}</var>
<arg>Element Should Be Enabled</arg>
<arg>${yes_button_booking}</arg>
<doc>Runs the given keyword with given arguments and returns the status as a Boolean value.</doc>
<kw name="Element Should Be Enabled" library="SeleniumLibrary">
<arg>${yes_button_booking}</arg>
<doc>Verifies that element identified by ``locator`` is enabled.</doc>
<status status="PASS" starttime="20231010 22:20:32.162" endtime="20231010 22:20:32.221"/>
</kw>
<msg timestamp="20231010 22:20:32.221" level="INFO">${isExist} = True</msg>
<status status="PASS" starttime="20231010 22:20:32.161" endtime="20231010 22:20:32.221"/>
</kw>
<if>
<branch type="IF" condition="${isExist} == $True">
<kw name="Click Element" library="SeleniumLibrary">
<arg>${yes_button_booking}</arg>
<doc>Click the element identified by ``locator``.</doc>
<msg timestamp="20231010 22:20:32.221" level="INFO">Clicking element '//button/span[contains(text(),'Yes')]'.</msg>
<status status="PASS" starttime="20231010 22:20:32.221" endtime="20231010 22:20:32.364"/>
</kw>
<status status="PASS" starttime="20231010 22:20:32.221" endtime="20231010 22:20:32.364"/>
</branch>
<status status="PASS" starttime="20231010 22:20:32.221" endtime="20231010 22:20:32.364"/>
</if>
<kw name="Wait Until Element Is Visible" library="SeleniumLibrary">
<arg>${passenger_details_page}</arg>
<arg>60</arg>
<doc>Waits until the element ``locator`` is visible.</doc>
<status status="PASS" starttime="20231010 22:20:32.364" endtime="20231010 22:20:33.371"/>
</kw>
<status status="PASS" starttime="20231010 22:20:22.553" endtime="20231010 22:20:33.376"/>
</kw>
<status status="PASS" starttime="20231010 22:19:53.637" endtime="20231010 22:20:33.376"/>
</test>
<kw name="Close Browser" library="SeleniumLibrary" type="TEARDOWN">
<doc>Closes the current browser.</doc>
<status status="PASS" starttime="20231010 22:20:33.386" endtime="20231010 22:20:35.766"/>
</kw>
<status status="PASS" starttime="20231010 22:19:21.031" endtime="20231010 22:20:35.766"/>
</suite>
<statistics>
<total>
<stat pass="1" fail="0" skip="0">All Tests</stat>
</total>
<tag>
</tag>
<suite>
<stat pass="1" fail="0" skip="0" id="s1" name="Homepage">Homepage</stat>
</suite>
</statistics>
<errors>
</errors>
</robot>
