<?xml version="1.0" encoding="UTF-8"?>
<robot generator="Robot 6.0.2 (Python 3.9.13 on win32)" generated="20231015 11:20:37.519" rpa="false" schemaversion="3">
<suite id="s1" name="Homepage" source="D:\Dev_Progs\irctc_projecct_robot\testcases\homepage.robot">
<kw name="Initialise the browser" library="basetest" type="SETUP">
<kw name="Launch browser" library="basetest">
<kw name="Evaluate" library="BuiltIn">
<var>${chrome_options}</var>
<arg>sys.modules['selenium.webdriver'].ChromeOptions()</arg>
<arg>sys, selenium.webdriver</arg>
<doc>Evaluates the given expression in Python and returns the result.</doc>
<msg timestamp="20231015 11:20:40.034" level="INFO">${chrome_options} = &lt;selenium.webdriver.chrome.options.Options object at 0x0000025CACC15A90&gt;</msg>
<status status="PASS" starttime="20231015 11:20:40.034" endtime="20231015 11:20:40.034"/>
</kw>
<kw name="Call Method" library="BuiltIn">
<arg>${chrome_options}</arg>
<arg>add_argument</arg>
<arg>--no-sandbox</arg>
<doc>Calls the named method of the given object with the provided arguments.</doc>
<status status="PASS" starttime="20231015 11:20:40.034" endtime="20231015 11:20:40.049"/>
</kw>
<kw name="Call Method" library="BuiltIn">
<arg>${chrome_options}</arg>
<arg>add_argument</arg>
<arg>--disable-dev-shm-usage</arg>
<doc>Calls the named method of the given object with the provided arguments.</doc>
<status status="PASS" starttime="20231015 11:20:40.049" endtime="20231015 11:20:40.049"/>
</kw>
<kw name="Call Method" library="BuiltIn">
<arg>${chrome_options}</arg>
<arg>add_argument</arg>
<arg>--disable-extensions</arg>
<doc>Calls the named method of the given object with the provided arguments.</doc>
<status status="PASS" starttime="20231015 11:20:40.049" endtime="20231015 11:20:40.050"/>
</kw>
<kw name="Call Method" library="BuiltIn">
<arg>${chrome_options}</arg>
<arg>add_argument</arg>
<arg>--disable-gpu</arg>
<doc>Calls the named method of the given object with the provided arguments.</doc>
<status status="PASS" starttime="20231015 11:20:40.050" endtime="20231015 11:20:40.050"/>
</kw>
<kw name="Call Method" library="BuiltIn">
<arg>${chrome_options}</arg>
<arg>add_argument</arg>
<arg>--disable-popup-blocking</arg>
<doc>Calls the named method of the given object with the provided arguments.</doc>
<status status="PASS" starttime="20231015 11:20:40.050" endtime="20231015 11:20:40.051"/>
</kw>
<kw name="Call Method" library="BuiltIn">
<arg>${chrome_options}</arg>
<arg>add_argument</arg>
<arg>--dns-prefetch-disable</arg>
<doc>Calls the named method of the given object with the provided arguments.</doc>
<status status="PASS" starttime="20231015 11:20:40.051" endtime="20231015 11:20:40.051"/>
</kw>
<kw name="Call Method" library="BuiltIn">
<arg>${chrome_options}</arg>
<arg>add_argument</arg>
<arg>window-size\=1920,1080</arg>
<doc>Calls the named method of the given object with the provided arguments.</doc>
<status status="PASS" starttime="20231015 11:20:40.051" endtime="20231015 11:20:40.051"/>
</kw>
<kw name="Call Method" library="BuiltIn">
<arg>${chrome_options}</arg>
<arg>add_argument</arg>
<arg>--disable-blink-features\=AutomationControlled</arg>
<doc>Calls the named method of the given object with the provided arguments.</doc>
<status status="PASS" starttime="20231015 11:20:40.051" endtime="20231015 11:20:40.051"/>
</kw>
<kw name="Call Method" library="BuiltIn">
<arg>${chrome_options}</arg>
<arg>add_argument</arg>
<arg>--disable-blink-features</arg>
<doc>Calls the named method of the given object with the provided arguments.</doc>
<status status="PASS" starttime="20231015 11:20:40.051" endtime="20231015 11:20:40.051"/>
</kw>
<kw name="Call Method" library="BuiltIn">
<arg>${chrome_options}</arg>
<arg>add_argument</arg>
<arg>--disable-infobars</arg>
<doc>Calls the named method of the given object with the provided arguments.</doc>
<status status="PASS" starttime="20231015 11:20:40.051" endtime="20231015 11:20:40.051"/>
</kw>
<kw name="Call Method" library="BuiltIn">
<arg>${chrome_options}</arg>
<arg>add_experimental_option</arg>
<arg>useAutomationExtension</arg>
<arg>${False}</arg>
<doc>Calls the named method of the given object with the provided arguments.</doc>
<status status="PASS" starttime="20231015 11:20:40.052" endtime="20231015 11:20:40.054"/>
</kw>
<kw name="Create Dictionary" library="BuiltIn">
<var>${prefs}</var>
<arg>credentials_enable_service=${FALSE}</arg>
<arg>profile.password_manager_enabled=${False}</arg>
<doc>Creates and returns a dictionary based on the given ``items``.</doc>
<msg timestamp="20231015 11:20:40.055" level="INFO">${prefs} = {'credentials_enable_service': False, 'profile.password_manager_enabled': False}</msg>
<status status="PASS" starttime="20231015 11:20:40.055" endtime="20231015 11:20:40.055"/>
</kw>
<kw name="Call Method" library="BuiltIn">
<arg>${chrome_options}</arg>
<arg>add_experimental_option</arg>
<arg>prefs</arg>
<arg>${prefs}</arg>
<doc>Calls the named method of the given object with the provided arguments.</doc>
<status status="PASS" starttime="20231015 11:20:40.055" endtime="20231015 11:20:40.055"/>
</kw>
<kw name="Set Variable" library="BuiltIn">
<var>${userAgent}</var>
<arg>--user-agent="Mozilla/5.0 (Windows NT 10.0; Win64; x64) AppleWebKit/537.36 (KHTML, like Gecko) Chrome/114.0.0.0 Safari/537.36"</arg>
<doc>Returns the given values which can then be assigned to a variables.</doc>
<msg timestamp="20231015 11:20:40.056" level="INFO">${userAgent} = --user-agent="Mozilla/5.0 (Windows NT 10.0; Win64; x64) AppleWebKit/537.36 (KHTML, like Gecko) Chrome/114.0.0.0 Safari/537.36"</msg>
<status status="PASS" starttime="20231015 11:20:40.055" endtime="20231015 11:20:40.056"/>
</kw>
<kw name="Call Method" library="BuiltIn">
<arg>${chrome_options}</arg>
<arg>add_argument</arg>
<arg>${userAgent}</arg>
<doc>Calls the named method of the given object with the provided arguments.</doc>
<status status="PASS" starttime="20231015 11:20:40.056" endtime="20231015 11:20:40.056"/>
</kw>
<kw name="Create List" library="BuiltIn">
<var>${excluded}</var>
<arg>enable-automation</arg>
<arg>enable-logging</arg>
<doc>Returns a list containing given items.</doc>
<msg timestamp="20231015 11:20:40.056" level="INFO">${excluded} = ['enable-automation', 'enable-logging']</msg>
<status status="PASS" starttime="20231015 11:20:40.056" endtime="20231015 11:20:40.056"/>
</kw>
<kw name="Call Method" library="BuiltIn">
<arg>${chrome_options}</arg>
<arg>add_experimental_option</arg>
<arg>excludeSwitches</arg>
<arg>${excluded}</arg>
<doc>Calls the named method of the given object with the provided arguments.</doc>
<status status="PASS" starttime="20231015 11:20:40.056" endtime="20231015 11:20:40.056"/>
</kw>
<kw name="Create Webdriver" library="SeleniumLibrary">
<arg>driver_name=Chrome</arg>
<arg>options=${chrome_options}</arg>
<doc>Creates an instance of Selenium WebDriver.</doc>
<msg timestamp="20231015 11:20:40.057" level="INFO">Creating an instance of the Chrome WebDriver.</msg>
<status status="PASS" starttime="20231015 11:20:40.057" endtime="20231015 11:20:41.929"/>
</kw>
<kw name="Set Global Variable" library="BuiltIn">
<arg>${chrome_options}</arg>
<doc>Makes a variable available globally in all tests and suites.</doc>
<msg timestamp="20231015 11:20:41.931" level="INFO">${chrome_options} = &lt;selenium.webdriver.chrome.options.Options object at 0x0000025CACC15A90&gt;</msg>
<status status="PASS" starttime="20231015 11:20:41.930" endtime="20231015 11:20:41.931"/>
</kw>
<kw name="Maximize Browser Window" library="SeleniumLibrary">
<doc>Maximizes current browser window.</doc>
<status status="PASS" starttime="20231015 11:20:41.931" endtime="20231015 11:20:42.093"/>
</kw>
<kw name="Go To" library="SeleniumLibrary">
<arg>${url}</arg>
<doc>Navigates the current browser window to the provided ``url``.</doc>
<msg timestamp="20231015 11:20:42.095" level="INFO">Opening url 'https://www.irctc.co.in/'</msg>
<status status="PASS" starttime="20231015 11:20:42.093" endtime="20231015 11:20:43.268"/>
</kw>
<status status="PASS" starttime="20231015 11:20:40.034" endtime="20231015 11:20:43.268"/>
</kw>
<status status="PASS" starttime="20231015 11:20:40.034" endtime="20231015 11:20:43.268"/>
</kw>
<test id="s1-t1" name="User should login to irctc portal" line="10">
<kw name="Login irctc portal" library="homepage">
<kw name="Wait Until Element Is Enabled" library="SeleniumLibrary">
<arg>${login_button}</arg>
<doc>Waits until the element ``locator`` is enabled.</doc>
<msg timestamp="20231015 11:20:43.287" level="WARN">Keyword 'Capture Page Screenshot' could not be run on failure: Message: no such window: target window already closed
from unknown error: web view not found
  (Session info: chrome=117.0.5938.152)
Stacktrace:
	GetHandleVerifier [0x00007FF67C887D12+55474]
	(No symbol) [0x00007FF67C7F77C2]
	(No symbol) [0x00007FF67C6AE0EB]
	(No symbol) [0x00007FF67C68E528]
	(No symbol) [0x00007FF67C713B77]
	(No symbol) [0x00007FF67C7275BF]
	(No symbol) [0x00007FF67C70EF33]
	(No symbol) [0x00007FF67C6E3D41]
	(No symbol) [0x00007FF67C6E4F84]
	GetHandleVerifier [0x00007FF67CBEB762+3609346]
	GetHandleVerifier [0x00007FF67CC41A80+3962400]
	GetHandleVerifier [0x00007FF67CC39F0F+3930799]
	GetHandleVerifier [0x00007FF67C923CA6+694342]
	(No symbol) [0x00007FF67C802218]
	(No symbol) [0x00007FF67C7FE484]
	(No symbol) [0x00007FF67C7FE5B2]
	(No symbol) [0x00007FF67C7EEE13]
	BaseThreadInitThunk [0x00007FFA1276257D+29]
	RtlUserThreadStart [0x00007FFA1318AA78+40]
</msg>
<msg timestamp="20231015 11:20:43.343" level="FAIL">NoSuchWindowException: Message: no such window: target window already closed
from unknown error: web view not found
  (Session info: chrome=117.0.5938.152)
Stacktrace:
	GetHandleVerifier [0x00007FF67C887D12+55474]
	(No symbol) [0x00007FF67C7F77C2]
	(No symbol) [0x00007FF67C6AE0EB]
	(No symbol) [0x00007FF67C68E528]
	(No symbol) [0x00007FF67C713B77]
	(No symbol) [0x00007FF67C7275BF]
	(No symbol) [0x00007FF67C70EF33]
	(No symbol) [0x00007FF67C6E3D41]
	(No symbol) [0x00007FF67C6E4F84]
	GetHandleVerifier [0x00007FF67CBEB762+3609346]
	GetHandleVerifier [0x00007FF67CC41A80+3962400]
	GetHandleVerifier [0x00007FF67CC39F0F+3930799]
	GetHandleVerifier [0x00007FF67C923CA6+694342]
	(No symbol) [0x00007FF67C802218]
	(No symbol) [0x00007FF67C7FE484]
	(No symbol) [0x00007FF67C7FE5B2]
	(No symbol) [0x00007FF67C7EEE13]
	BaseThreadInitThunk [0x00007FFA1276257D+29]
	RtlUserThreadStart [0x00007FFA1318AA78+40]
</msg>
<status status="FAIL" starttime="20231015 11:20:43.271" endtime="20231015 11:20:43.375"/>
</kw>
<kw name="Click Element" library="SeleniumLibrary">
<arg>${login_button}</arg>
<doc>Click the element identified by ``locator``.</doc>
<status status="NOT RUN" starttime="20231015 11:20:43.375" endtime="20231015 11:20:43.375"/>
</kw>
<kw name="Wait Until Element Is Enabled" library="SeleniumLibrary">
<arg>${user_name}</arg>
<doc>Waits until the element ``locator`` is enabled.</doc>
<status status="NOT RUN" starttime="20231015 11:20:43.375" endtime="20231015 11:20:43.375"/>
</kw>
<kw name="Input Text" library="SeleniumLibrary">
<arg>${user_name}</arg>
<arg>davshakya</arg>
<doc>Types the given ``text`` into the text field identified by ``locator``.</doc>
<status status="NOT RUN" starttime="20231015 11:20:43.375" endtime="20231015 11:20:43.375"/>
</kw>
<kw name="Input Text" library="SeleniumLibrary">
<arg>${password}</arg>
<arg>Ranjana21#</arg>
<doc>Types the given ``text`` into the text field identified by ``locator``.</doc>
<status status="NOT RUN" starttime="20231015 11:20:43.375" endtime="20231015 11:20:43.375"/>
</kw>
<kw name="Enter captcha text" library="homepage">
<status status="NOT RUN" starttime="20231015 11:20:43.375" endtime="20231015 11:20:43.375"/>
</kw>
<status status="FAIL" starttime="20231015 11:20:43.271" endtime="20231015 11:20:43.375"/>
</kw>
<kw name="User should search train" library="homepage">
<status status="NOT RUN" starttime="20231015 11:20:43.375" endtime="20231015 11:20:43.375"/>
</kw>
<kw name="User should book ticket" library="homepage">
<status status="NOT RUN" starttime="20231015 11:20:43.391" endtime="20231015 11:20:43.391"/>
</kw>
<status status="FAIL" starttime="20231015 11:20:43.268" endtime="20231015 11:20:43.393">NoSuchWindowException: Message: no such window: target window already closed
from unknown error: web view not found
  (Session info: chrome=117.0.5938.152)
Stacktrace:
	GetHandleVerifier [0x00007FF67C887D12+55474]
	(No symbol) [0x00007FF67C7F77C2]
	(No symbol) [0x00007FF67C6AE0EB]
	(No symbol) [0x00007FF67C68E528]
	(No symbol) [0x00007FF67C713B77]
	(No symbol) [0x00007FF67C7275BF]
	(No symbol) [0x00007FF67C70EF33]
	(No symbol) [0x00007FF67C6E3D41]
	(No symbol) [0x00007FF67C6E4F84]
	GetHandleVerifier [0x00007FF67CBEB762+3609346]
	GetHandleVerifier [0x00007FF67CC41A80+3962400]
	GetHandleVerifier [0x00007FF67CC39F0F+3930799]
	GetHandleVerifier [0x00007FF67C923CA6+694342]
	(No symbol) [0x00007FF67C802218]
	(No symbol) [0x00007FF67C7FE484]
	(No symbol) [0x00007FF67C7FE5B2]
	(No symbol) [0x00007FF67C7EEE13]
	BaseThreadInitThunk [0x00007FFA1276257D+29]
	RtlUserThreadStart [0x00007FFA1318AA78+40]
</status>
</test>
<kw name="Close Browser" library="SeleniumLibrary" type="TEARDOWN">
<doc>Closes the current browser.</doc>
<status status="PASS" starttime="20231015 11:20:43.399" endtime="20231015 11:20:45.543"/>
</kw>
<status status="FAIL" starttime="20231015 11:20:37.519" endtime="20231015 11:20:45.543"/>
</suite>
<statistics>
<total>
<stat pass="0" fail="1" skip="0">All Tests</stat>
</total>
<tag>
</tag>
<suite>
<stat pass="0" fail="1" skip="0" id="s1" name="Homepage">Homepage</stat>
</suite>
</statistics>
<errors>
<msg timestamp="20231015 11:20:43.287" level="WARN">Keyword 'Capture Page Screenshot' could not be run on failure: Message: no such window: target window already closed
from unknown error: web view not found
  (Session info: chrome=117.0.5938.152)
Stacktrace:
	GetHandleVerifier [0x00007FF67C887D12+55474]
	(No symbol) [0x00007FF67C7F77C2]
	(No symbol) [0x00007FF67C6AE0EB]
	(No symbol) [0x00007FF67C68E528]
	(No symbol) [0x00007FF67C713B77]
	(No symbol) [0x00007FF67C7275BF]
	(No symbol) [0x00007FF67C70EF33]
	(No symbol) [0x00007FF67C6E3D41]
	(No symbol) [0x00007FF67C6E4F84]
	GetHandleVerifier [0x00007FF67CBEB762+3609346]
	GetHandleVerifier [0x00007FF67CC41A80+3962400]
	GetHandleVerifier [0x00007FF67CC39F0F+3930799]
	GetHandleVerifier [0x00007FF67C923CA6+694342]
	(No symbol) [0x00007FF67C802218]
	(No symbol) [0x00007FF67C7FE484]
	(No symbol) [0x00007FF67C7FE5B2]
	(No symbol) [0x00007FF67C7EEE13]
	BaseThreadInitThunk [0x00007FFA1276257D+29]
	RtlUserThreadStart [0x00007FFA1318AA78+40]
</msg>
</errors>
</robot>
