<?xml version="1.0" encoding="UTF-8"?>
<robot generator="Rebot 6.0.2 (Python 3.9.13 on win32)" generated="20230629 17:50:20.854" rpa="false" schemaversion="3">
<suite id="s1" name="Suites">
<suite id="s1-s1" name="TC1" source="D:\Dev_Progs\Robot_framework_demo\testcases\TC1.robot">
<kw name="Initialise the browser" type="SETUP">
<kw name="Open Browser" library="SeleniumLibrary">
<arg>${url}</arg>
<arg>chrome</arg>
<doc>Opens a new browser instance to the optional ``url``.</doc>
<msg timestamp="20230629 17:50:20.024" level="INFO">Opening browser 'chrome' to base url 'https://rahulshettyacademy.com/AutomationPractice/'.</msg>
<msg timestamp="20230629 17:50:20.024" level="INFO">Cannot capture screenshot because no browser is open.</msg>
<msg timestamp="20230629 17:50:20.024" level="FAIL">TypeError: __init__() got an unexpected keyword argument 'service_log_path'</msg>
<status status="FAIL" starttime="20230629 17:50:20.024" endtime="20230629 17:50:20.024"/>
</kw>
<kw name="Maximize Browser Window" library="SeleniumLibrary">
<doc>Maximizes current browser window.</doc>
<status status="NOT RUN" starttime="20230629 17:50:20.024" endtime="20230629 17:50:20.024"/>
</kw>
<status status="FAIL" starttime="20230629 17:50:20.024" endtime="20230629 17:50:20.024"/>
</kw>
<test id="s1-s1-t1" name="LoginTest" line="35">
<status status="FAIL" starttime="20230629 17:50:20.024" endtime="20230629 17:50:20.024">Parent suite setup failed:
TypeError: __init__() got an unexpected keyword argument 'service_log_path'</status>
</test>
<test id="s1-s1-t2" name="Demo switch window" line="41">
<status status="FAIL" starttime="20230629 17:50:20.024" endtime="20230629 17:50:20.024">Parent suite setup failed:
TypeError: __init__() got an unexpected keyword argument 'service_log_path'</status>
</test>
<kw name="Close Browser" library="SeleniumLibrary" type="TEARDOWN">
<doc>Closes the current browser.</doc>
<status status="PASS" starttime="20230629 17:50:20.024" endtime="20230629 17:50:20.024"/>
</kw>
<status status="FAIL" starttime="20230629 17:50:19.883" endtime="20230629 17:50:20.024">Suite setup failed:
TypeError: __init__() got an unexpected keyword argument 'service_log_path'</status>
</suite>
<suite id="s1-s2" name="TC2" source="D:\Dev_Progs\Robot_framework_demo\testcases\TC2.robot">
<test id="s1-s2-t1" name="Open Chrome Browser" line="9">
<kw name="Open Browser" library="SeleniumLibrary">
<arg>${url}</arg>
<arg>chrome</arg>
<doc>Opens a new browser instance to the optional ``url``.</doc>
<msg timestamp="20230629 17:50:20.024" level="INFO">Opening browser 'chrome' to base url 'https://rahulshettyacademy.com/AutomationPractice/'.</msg>
<msg timestamp="20230629 17:50:20.024" level="INFO">Cannot capture screenshot because no browser is open.</msg>
<msg timestamp="20230629 17:50:20.024" level="FAIL">TypeError: __init__() got an unexpected keyword argument 'service_log_path'</msg>
<status status="FAIL" starttime="20230629 17:50:20.024" endtime="20230629 17:50:20.024"/>
</kw>
<kw name="Maximize Browser Window" library="SeleniumLibrary">
<doc>Maximizes current browser window.</doc>
<status status="NOT RUN" starttime="20230629 17:50:20.024" endtime="20230629 17:50:20.024"/>
</kw>
<status status="FAIL" starttime="20230629 17:50:20.024" endtime="20230629 17:50:20.024">TypeError: __init__() got an unexpected keyword argument 'service_log_path'</status>
</test>
<status status="FAIL" starttime="20230629 17:50:19.883" endtime="20230629 17:50:20.024"/>
</suite>
<suite id="s1-s3" name="TC3" source="D:\Dev_Progs\Robot_framework_demo\testcases\TC3.robot">
<test id="s1-s3-t1" name="Open Chrome Browser" line="19">
<kw name="Open Browser" library="SeleniumLibrary">
<arg>${url}</arg>
<arg>Chrome</arg>
<doc>Opens a new browser instance to the optional ``url``.</doc>
<msg timestamp="20230629 17:50:20.562" level="INFO">Opening browser 'Chrome' to base url 'https://rahulshettyacademy.com/AutomationPractice/'.</msg>
<msg timestamp="20230629 17:50:20.562" level="INFO">Cannot capture screenshot because no browser is open.</msg>
<msg timestamp="20230629 17:50:20.562" level="FAIL">TypeError: __init__() got an unexpected keyword argument 'service_log_path'</msg>
<status status="FAIL" starttime="20230629 17:50:20.562" endtime="20230629 17:50:20.562"/>
</kw>
<kw name="Maximize Browser Window" library="SeleniumLibrary">
<doc>Maximizes current browser window.</doc>
<status status="NOT RUN" starttime="20230629 17:50:20.562" endtime="20230629 17:50:20.562"/>
</kw>
<kw name="User should select all check box">
<status status="NOT RUN" starttime="20230629 17:50:20.562" endtime="20230629 17:50:20.562"/>
</kw>
<status status="FAIL" starttime="20230629 17:50:20.562" endtime="20230629 17:50:20.562">TypeError: __init__() got an unexpected keyword argument 'service_log_path'</status>
</test>
<status status="FAIL" starttime="20230629 17:50:20.437" endtime="20230629 17:50:20.562"/>
</suite>
<doc>[https://pabot.org/?ref=log|Pabot] result from 3 executions.</doc>
<status status="FAIL" starttime="20230629 17:50:19.883" endtime="20230629 17:50:20.562"/>
</suite>
<statistics>
<total>
<stat pass="0" fail="4" skip="0">All Tests</stat>
</total>
<tag>
</tag>
<suite>
<stat pass="0" fail="4" skip="0" id="s1" name="Suites">Suites</stat>
<stat pass="0" fail="2" skip="0" id="s1-s1" name="TC1">Suites.TC1</stat>
<stat pass="0" fail="1" skip="0" id="s1-s2" name="TC2">Suites.TC2</stat>
<stat pass="0" fail="1" skip="0" id="s1-s3" name="TC3">Suites.TC3</stat>
</suite>
</statistics>
<errors>
</errors>
</robot>
